[2021-12-06T22:41:38.421+0700][gc,heap] Heap region size: 1M
[2021-12-06T22:41:38.443+0700][gc     ] Using G1
[2021-12-06T22:41:38.444+0700][gc,heap,coops] Heap address: 0x00000000c0000000, size: 1024 MB, Compressed Oops mode: 32-bit
[2021-12-06T22:41:38.444+0700][gc,cds       ] Mark closed archive regions in map: [0x00000000fff00000, 0x00000000fff6aff8]
[2021-12-06T22:41:38.444+0700][gc,cds       ] Mark open archive regions in map: [0x00000000ffe00000, 0x00000000ffe46ff8]
[2021-12-06T22:41:39.088+0700][gc,start     ] GC(0) Pause Young (Normal) (G1 Evacuation Pause)
[2021-12-06T22:41:39.088+0700][gc,task      ] GC(0) Using 8 workers of 8 for evacuation
[2021-12-06T22:41:39.096+0700][gc,phases    ] GC(0)   Pre Evacuate Collection Set: 0,0ms
[2021-12-06T22:41:39.096+0700][gc,phases    ] GC(0)   Evacuate Collection Set: 7,3ms
[2021-12-06T22:41:39.096+0700][gc,phases    ] GC(0)   Post Evacuate Collection Set: 0,3ms
[2021-12-06T22:41:39.096+0700][gc,phases    ] GC(0)   Other: 0,5ms
[2021-12-06T22:41:39.096+0700][gc,heap      ] GC(0) Eden regions: 51->0(44)
[2021-12-06T22:41:39.096+0700][gc,heap      ] GC(0) Survivor regions: 0->7(7)
[2021-12-06T22:41:39.096+0700][gc,heap      ] GC(0) Old regions: 2->2
[2021-12-06T22:41:39.096+0700][gc,heap      ] GC(0) Humongous regions: 0->0
[2021-12-06T22:41:39.096+0700][gc,metaspace ] GC(0) Metaspace: 14822K->14822K(1062912K)
[2021-12-06T22:41:39.096+0700][gc           ] GC(0) Pause Young (Normal) (G1 Evacuation Pause) 51M->7M(1024M) 8,247ms
[2021-12-06T22:41:39.096+0700][gc,cpu       ] GC(0) User=0,05s Sys=0,01s Real=0,01s
[2021-12-06T22:41:39.384+0700][gc,start     ] GC(1) Pause Young (Concurrent Start) (Metadata GC Threshold)
[2021-12-06T22:41:39.384+0700][gc,task      ] GC(1) Using 8 workers of 8 for evacuation
[2021-12-06T22:41:39.391+0700][gc,phases    ] GC(1)   Pre Evacuate Collection Set: 0,0ms
[2021-12-06T22:41:39.391+0700][gc,phases    ] GC(1)   Evacuate Collection Set: 6,6ms
[2021-12-06T22:41:39.391+0700][gc,phases    ] GC(1)   Post Evacuate Collection Set: 0,4ms
[2021-12-06T22:41:39.391+0700][gc,phases    ] GC(1)   Other: 0,2ms
[2021-12-06T22:41:39.391+0700][gc,heap      ] GC(1) Eden regions: 24->0(49)
[2021-12-06T22:41:39.391+0700][gc,heap      ] GC(1) Survivor regions: 7->2(7)
[2021-12-06T22:41:39.391+0700][gc,heap      ] GC(1) Old regions: 2->9
[2021-12-06T22:41:39.391+0700][gc,heap      ] GC(1) Humongous regions: 0->0
[2021-12-06T22:41:39.391+0700][gc,metaspace ] GC(1) Metaspace: 20553K->20553K(1067008K)
[2021-12-06T22:41:39.391+0700][gc           ] GC(1) Pause Young (Concurrent Start) (Metadata GC Threshold) 30M->8M(1024M) 7,312ms
[2021-12-06T22:41:39.391+0700][gc,cpu       ] GC(1) User=0,04s Sys=0,01s Real=0,01s
[2021-12-06T22:41:39.391+0700][gc           ] GC(2) Concurrent Cycle
[2021-12-06T22:41:39.391+0700][gc,marking   ] GC(2) Concurrent Clear Claimed Marks
[2021-12-06T22:41:39.391+0700][gc,marking   ] GC(2) Concurrent Clear Claimed Marks 0,029ms
[2021-12-06T22:41:39.391+0700][gc,marking   ] GC(2) Concurrent Scan Root Regions
[2021-12-06T22:41:39.392+0700][gc,marking   ] GC(2) Concurrent Scan Root Regions 0,781ms
[2021-12-06T22:41:39.392+0700][gc,marking   ] GC(2) Concurrent Mark (0,995s)
[2021-12-06T22:41:39.392+0700][gc,marking   ] GC(2) Concurrent Mark From Roots
[2021-12-06T22:41:39.392+0700][gc,task      ] GC(2) Using 2 workers of 2 for marking
[2021-12-06T22:41:39.397+0700][gc,marking   ] GC(2) Concurrent Mark From Roots 4,825ms
[2021-12-06T22:41:39.397+0700][gc,marking   ] GC(2) Concurrent Preclean
[2021-12-06T22:41:39.397+0700][gc,marking   ] GC(2) Concurrent Preclean 0,103ms
[2021-12-06T22:41:39.397+0700][gc,marking   ] GC(2) Concurrent Mark (0,995s, 1,000s) 4,973ms
[2021-12-06T22:41:39.397+0700][gc,start     ] GC(2) Pause Remark
[2021-12-06T22:41:39.399+0700][gc,stringtable] GC(2) Cleaned string and symbol table, strings: 5102 processed, 0 removed, symbols: 50293 processed, 41 removed
[2021-12-06T22:41:39.399+0700][gc            ] GC(2) Pause Remark 8M->8M(1024M) 1,991ms
[2021-12-06T22:41:39.399+0700][gc,cpu        ] GC(2) User=0,00s Sys=0,00s Real=0,00s
[2021-12-06T22:41:39.399+0700][gc,marking    ] GC(2) Concurrent Rebuild Remembered Sets
[2021-12-06T22:41:39.402+0700][gc,marking    ] GC(2) Concurrent Rebuild Remembered Sets 2,526ms
[2021-12-06T22:41:39.402+0700][gc,start      ] GC(2) Pause Cleanup
[2021-12-06T22:41:39.402+0700][gc            ] GC(2) Pause Cleanup 8M->8M(1024M) 0,181ms
[2021-12-06T22:41:39.402+0700][gc,cpu        ] GC(2) User=0,00s Sys=0,00s Real=0,00s
[2021-12-06T22:41:39.402+0700][gc,marking    ] GC(2) Concurrent Cleanup for Next Mark
[2021-12-06T22:41:39.405+0700][gc,marking    ] GC(2) Concurrent Cleanup for Next Mark 2,976ms
[2021-12-06T22:41:39.405+0700][gc            ] GC(2) Concurrent Cycle 13,836ms
[2021-12-06T22:41:40.052+0700][gc,start      ] GC(3) Pause Young (Normal) (G1 Evacuation Pause)
[2021-12-06T22:41:40.052+0700][gc,task       ] GC(3) Using 8 workers of 8 for evacuation
[2021-12-06T22:41:40.055+0700][gc,phases     ] GC(3)   Pre Evacuate Collection Set: 0,0ms
[2021-12-06T22:41:40.055+0700][gc,phases     ] GC(3)   Evacuate Collection Set: 2,5ms
[2021-12-06T22:41:40.055+0700][gc,phases     ] GC(3)   Post Evacuate Collection Set: 0,4ms
[2021-12-06T22:41:40.055+0700][gc,phases     ] GC(3)   Other: 0,1ms
[2021-12-06T22:41:40.055+0700][gc,heap       ] GC(3) Eden regions: 49->0(47)
[2021-12-06T22:41:40.055+0700][gc,heap       ] GC(3) Survivor regions: 2->4(7)
[2021-12-06T22:41:40.055+0700][gc,heap       ] GC(3) Old regions: 9->9
[2021-12-06T22:41:40.055+0700][gc,heap       ] GC(3) Humongous regions: 129->129
[2021-12-06T22:41:40.055+0700][gc,metaspace  ] GC(3) Metaspace: 28994K->28994K(1075200K)
[2021-12-06T22:41:40.055+0700][gc            ] GC(3) Pause Young (Normal) (G1 Evacuation Pause) 186M->139M(1024M) 3,068ms
[2021-12-06T22:41:40.055+0700][gc,cpu        ] GC(3) User=0,02s Sys=0,00s Real=0,01s
[2021-12-06T22:41:40.368+0700][gc,start      ] GC(4) Pause Young (Concurrent Start) (Metadata GC Threshold)
[2021-12-06T22:41:40.368+0700][gc,task       ] GC(4) Using 8 workers of 8 for evacuation
[2021-12-06T22:41:40.371+0700][gc,phases     ] GC(4)   Pre Evacuate Collection Set: 0,1ms
[2021-12-06T22:41:40.371+0700][gc,phases     ] GC(4)   Evacuate Collection Set: 3,3ms
[2021-12-06T22:41:40.371+0700][gc,phases     ] GC(4)   Post Evacuate Collection Set: 0,4ms
[2021-12-06T22:41:40.371+0700][gc,phases     ] GC(4)   Other: 0,2ms
[2021-12-06T22:41:40.371+0700][gc,heap       ] GC(4) Eden regions: 33->0(44)
[2021-12-06T22:41:40.371+0700][gc,heap       ] GC(4) Survivor regions: 4->7(7)
[2021-12-06T22:41:40.371+0700][gc,heap       ] GC(4) Old regions: 9->9
[2021-12-06T22:41:40.371+0700][gc,heap       ] GC(4) Humongous regions: 129->129
[2021-12-06T22:41:40.371+0700][gc,metaspace  ] GC(4) Metaspace: 34552K->34552K(1081344K)
[2021-12-06T22:41:40.371+0700][gc            ] GC(4) Pause Young (Concurrent Start) (Metadata GC Threshold) 172M->142M(1024M) 3,963ms
[2021-12-06T22:41:40.371+0700][gc,cpu        ] GC(4) User=0,03s Sys=0,00s Real=0,00s
[2021-12-06T22:41:40.372+0700][gc            ] GC(5) Concurrent Cycle
[2021-12-06T22:41:40.372+0700][gc,marking    ] GC(5) Concurrent Clear Claimed Marks
[2021-12-06T22:41:40.372+0700][gc,marking    ] GC(5) Concurrent Clear Claimed Marks 0,087ms
[2021-12-06T22:41:40.372+0700][gc,marking    ] GC(5) Concurrent Scan Root Regions
[2021-12-06T22:41:40.374+0700][gc,marking    ] GC(5) Concurrent Scan Root Regions 2,592ms
[2021-12-06T22:41:40.374+0700][gc,marking    ] GC(5) Concurrent Mark (1,977s)
[2021-12-06T22:41:40.374+0700][gc,marking    ] GC(5) Concurrent Mark From Roots
[2021-12-06T22:41:40.374+0700][gc,task       ] GC(5) Using 2 workers of 2 for marking
[2021-12-06T22:41:40.381+0700][gc,marking    ] GC(5) Concurrent Mark From Roots 6,376ms
[2021-12-06T22:41:40.381+0700][gc,marking    ] GC(5) Concurrent Preclean
[2021-12-06T22:41:40.381+0700][gc,marking    ] GC(5) Concurrent Preclean 0,082ms
[2021-12-06T22:41:40.381+0700][gc,marking    ] GC(5) Concurrent Mark (1,977s, 1,984s) 6,498ms
[2021-12-06T22:41:40.381+0700][gc,start      ] GC(5) Pause Remark
[2021-12-06T22:41:40.383+0700][gc,stringtable] GC(5) Cleaned string and symbol table, strings: 11000 processed, 8 removed, symbols: 82050 processed, 17 removed
[2021-12-06T22:41:40.383+0700][gc            ] GC(5) Pause Remark 144M->144M(1024M) 2,424ms
[2021-12-06T22:41:40.383+0700][gc,cpu        ] GC(5) User=0,01s Sys=0,00s Real=0,00s
[2021-12-06T22:41:40.383+0700][gc,marking    ] GC(5) Concurrent Rebuild Remembered Sets
[2021-12-06T22:41:40.387+0700][gc,marking    ] GC(5) Concurrent Rebuild Remembered Sets 3,480ms
[2021-12-06T22:41:40.387+0700][gc,start      ] GC(5) Pause Cleanup
[2021-12-06T22:41:40.387+0700][gc            ] GC(5) Pause Cleanup 144M->144M(1024M) 0,225ms
[2021-12-06T22:41:40.387+0700][gc,cpu        ] GC(5) User=0,00s Sys=0,00s Real=0,00s
[2021-12-06T22:41:40.387+0700][gc,marking    ] GC(5) Concurrent Cleanup for Next Mark
[2021-12-06T22:41:40.392+0700][gc,marking    ] GC(5) Concurrent Cleanup for Next Mark 4,034ms
[2021-12-06T22:41:40.392+0700][gc            ] GC(5) Concurrent Cycle 20,004ms
[2021-12-06T22:42:59.202+0700][gc,start      ] GC(6) Pause Young (Normal) (G1 Evacuation Pause)
[2021-12-06T22:42:59.202+0700][gc,task       ] GC(6) Using 8 workers of 8 for evacuation
[2021-12-06T22:42:59.208+0700][gc,phases     ] GC(6)   Pre Evacuate Collection Set: 0,0ms
[2021-12-06T22:42:59.208+0700][gc,phases     ] GC(6)   Evacuate Collection Set: 5,2ms
[2021-12-06T22:42:59.208+0700][gc,phases     ] GC(6)   Post Evacuate Collection Set: 0,7ms
[2021-12-06T22:42:59.208+0700][gc,phases     ] GC(6)   Other: 0,1ms
[2021-12-06T22:42:59.208+0700][gc,heap       ] GC(6) Eden regions: 44->0(44)
[2021-12-06T22:42:59.208+0700][gc,heap       ] GC(6) Survivor regions: 7->7(7)
[2021-12-06T22:42:59.208+0700][gc,heap       ] GC(6) Old regions: 9->12
[2021-12-06T22:42:59.208+0700][gc,heap       ] GC(6) Humongous regions: 141->129
[2021-12-06T22:42:59.208+0700][gc,metaspace  ] GC(6) Metaspace: 41776K->41776K(1087488K)
[2021-12-06T22:42:59.208+0700][gc            ] GC(6) Pause Young (Normal) (G1 Evacuation Pause) 198M->145M(1024M) 6,141ms
[2021-12-06T22:42:59.208+0700][gc,cpu        ] GC(6) User=0,04s Sys=0,00s Real=0,01s
[2021-12-06T22:49:39.180+0700][gc,start      ] GC(7) Pause Young (Normal) (G1 Evacuation Pause)
[2021-12-06T22:49:39.214+0700][gc,task       ] GC(7) Using 8 workers of 8 for evacuation
[2021-12-06T22:49:39.232+0700][gc,phases     ] GC(7)   Pre Evacuate Collection Set: 0,1ms
[2021-12-06T22:49:39.232+0700][gc,phases     ] GC(7)   Evacuate Collection Set: 15,7ms
[2021-12-06T22:49:39.232+0700][gc,phases     ] GC(7)   Post Evacuate Collection Set: 1,1ms
[2021-12-06T22:49:39.232+0700][gc,phases     ] GC(7)   Other: 34,7ms
[2021-12-06T22:49:39.232+0700][gc,heap       ] GC(7) Eden regions: 44->0(45)
[2021-12-06T22:49:39.232+0700][gc,heap       ] GC(7) Survivor regions: 7->6(7)
[2021-12-06T22:49:39.232+0700][gc,heap       ] GC(7) Old regions: 12->15
[2021-12-06T22:49:39.232+0700][gc,heap       ] GC(7) Humongous regions: 129->129
[2021-12-06T22:49:39.232+0700][gc,metaspace  ] GC(7) Metaspace: 43119K->43119K(1089536K)
[2021-12-06T22:49:39.232+0700][gc            ] GC(7) Pause Young (Normal) (G1 Evacuation Pause) 189M->147M(1024M) 51,791ms
[2021-12-06T22:49:39.232+0700][gc,cpu        ] GC(7) User=0,11s Sys=0,00s Real=0,05s
[2021-12-06T22:57:35.163+0700][gc,start      ] GC(8) Pause Young (Normal) (G1 Evacuation Pause)
[2021-12-06T22:57:35.163+0700][gc,task       ] GC(8) Using 8 workers of 8 for evacuation
[2021-12-06T22:57:35.168+0700][gc,phases     ] GC(8)   Pre Evacuate Collection Set: 0,0ms
[2021-12-06T22:57:35.168+0700][gc,phases     ] GC(8)   Evacuate Collection Set: 4,0ms
[2021-12-06T22:57:35.168+0700][gc,phases     ] GC(8)   Post Evacuate Collection Set: 0,4ms
[2021-12-06T22:57:35.168+0700][gc,phases     ] GC(8)   Other: 0,1ms
[2021-12-06T22:57:35.168+0700][gc,heap       ] GC(8) Eden regions: 45->0(48)
[2021-12-06T22:57:35.168+0700][gc,heap       ] GC(8) Survivor regions: 6->3(7)
[2021-12-06T22:57:35.168+0700][gc,heap       ] GC(8) Old regions: 15->18
[2021-12-06T22:57:35.168+0700][gc,heap       ] GC(8) Humongous regions: 129->129
[2021-12-06T22:57:35.168+0700][gc,metaspace  ] GC(8) Metaspace: 43444K->43444K(1089536K)
[2021-12-06T22:57:35.168+0700][gc            ] GC(8) Pause Young (Normal) (G1 Evacuation Pause) 192M->147M(1024M) 4,551ms
[2021-12-06T22:57:35.168+0700][gc,cpu        ] GC(8) User=0,03s Sys=0,00s Real=0,01s
[2021-12-06T23:10:25.631+0700][gc,start      ] GC(9) Pause Young (Normal) (G1 Evacuation Pause)
[2021-12-06T23:10:25.631+0700][gc,task       ] GC(9) Using 8 workers of 8 for evacuation
[2021-12-06T23:10:25.639+0700][gc,phases     ] GC(9)   Pre Evacuate Collection Set: 0,0ms
[2021-12-06T23:10:25.639+0700][gc,phases     ] GC(9)   Evacuate Collection Set: 6,8ms
[2021-12-06T23:10:25.639+0700][gc,phases     ] GC(9)   Post Evacuate Collection Set: 1,0ms
[2021-12-06T23:10:25.639+0700][gc,phases     ] GC(9)   Other: 0,4ms
[2021-12-06T23:10:25.639+0700][gc,heap       ] GC(9) Eden regions: 48->0(48)
[2021-12-06T23:10:25.639+0700][gc,heap       ] GC(9) Survivor regions: 3->3(7)
[2021-12-06T23:10:25.639+0700][gc,heap       ] GC(9) Old regions: 18->18
[2021-12-06T23:10:25.639+0700][gc,heap       ] GC(9) Humongous regions: 129->129
[2021-12-06T23:10:25.639+0700][gc,metaspace  ] GC(9) Metaspace: 43921K->43921K(1089536K)
[2021-12-06T23:10:25.639+0700][gc            ] GC(9) Pause Young (Normal) (G1 Evacuation Pause) 195M->147M(1024M) 8,531ms
[2021-12-06T23:10:25.639+0700][gc,cpu        ] GC(9) User=0,05s Sys=0,00s Real=0,01s
[2021-12-06T23:23:45.631+0700][gc,start      ] GC(10) Pause Young (Normal) (G1 Evacuation Pause)
[2021-12-06T23:23:45.631+0700][gc,task       ] GC(10) Using 8 workers of 8 for evacuation
[2021-12-06T23:23:45.644+0700][gc,phases     ] GC(10)   Pre Evacuate Collection Set: 0,0ms
[2021-12-06T23:23:45.644+0700][gc,phases     ] GC(10)   Evacuate Collection Set: 9,1ms
[2021-12-06T23:23:45.644+0700][gc,phases     ] GC(10)   Post Evacuate Collection Set: 3,6ms
[2021-12-06T23:23:45.644+0700][gc,phases     ] GC(10)   Other: 0,4ms
[2021-12-06T23:23:45.644+0700][gc,heap       ] GC(10) Eden regions: 48->0(49)
[2021-12-06T23:23:45.644+0700][gc,heap       ] GC(10) Survivor regions: 3->3(7)
[2021-12-06T23:23:45.644+0700][gc,heap       ] GC(10) Old regions: 18->18
[2021-12-06T23:23:45.644+0700][gc,heap       ] GC(10) Humongous regions: 129->129
[2021-12-06T23:23:45.644+0700][gc,metaspace  ] GC(10) Metaspace: 44006K->44006K(1089536K)
[2021-12-06T23:23:45.644+0700][gc            ] GC(10) Pause Young (Normal) (G1 Evacuation Pause) 195M->147M(1024M) 13,406ms
[2021-12-06T23:23:45.644+0700][gc,cpu        ] GC(10) User=0,08s Sys=0,00s Real=0,01s
[2021-12-06T23:32:49.531+0700][gc,start      ] GC(11) Pause Young (Normal) (G1 Evacuation Pause)
[2021-12-06T23:32:49.531+0700][gc,task       ] GC(11) Using 8 workers of 8 for evacuation
[2021-12-06T23:32:49.550+0700][gc,phases     ] GC(11)   Pre Evacuate Collection Set: 0,1ms
[2021-12-06T23:32:49.550+0700][gc,phases     ] GC(11)   Evacuate Collection Set: 14,7ms
[2021-12-06T23:32:49.550+0700][gc,phases     ] GC(11)   Post Evacuate Collection Set: 3,9ms
[2021-12-06T23:32:49.550+0700][gc,phases     ] GC(11)   Other: 0,5ms
[2021-12-06T23:32:49.550+0700][gc,heap       ] GC(11) Eden regions: 49->0(47)
[2021-12-06T23:32:49.550+0700][gc,heap       ] GC(11) Survivor regions: 3->5(7)
[2021-12-06T23:32:49.550+0700][gc,heap       ] GC(11) Old regions: 18->18
[2021-12-06T23:32:49.550+0700][gc,heap       ] GC(11) Humongous regions: 129->129
[2021-12-06T23:32:49.550+0700][gc,metaspace  ] GC(11) Metaspace: 44064K->44064K(1089536K)
[2021-12-06T23:32:49.550+0700][gc            ] GC(11) Pause Young (Normal) (G1 Evacuation Pause) 196M->149M(1024M) 19,310ms
[2021-12-06T23:32:49.550+0700][gc,cpu        ] GC(11) User=0,10s Sys=0,00s Real=0,02s
[2021-12-06T23:39:45.666+0700][gc,heap,exit  ] Heap
[2021-12-06T23:39:45.666+0700][gc,heap,exit  ]  garbage-first heap   total 1048576K, used 193830K [0x00000000c0000000, 0x0000000100000000)
[2021-12-06T23:39:45.666+0700][gc,heap,exit  ]   region size 1024K, 47 young (48128K), 5 survivors (5120K)
[2021-12-06T23:39:45.666+0700][gc,heap,exit  ]  Metaspace       used 44259K, capacity 46945K, committed 47132K, reserved 1089536K
[2021-12-06T23:39:45.666+0700][gc,heap,exit  ]   class space    used 5663K, capacity 6972K, committed 7020K, reserved 1048576K
